[debug] [2026-04-01T12:32:23.496Z] ----------------------------------------------------------------------
[debug] [2026-04-01T12:32:23.498Z] Command:       /opt/homebrew/Cellar/node/25.8.1_1/bin/node /opt/homebrew/bin/firebase init
[debug] [2026-04-01T12:32:23.498Z] CLI Version:   15.12.0
[debug] [2026-04-01T12:32:23.498Z] Platform:      darwin
[debug] [2026-04-01T12:32:23.498Z] Node Version:  v25.8.1
[debug] [2026-04-01T12:32:23.498Z] Time:          Wed Apr 01 2026 14:32:23 GMT+0200 (Central European Summer Time)
[debug] [2026-04-01T12:32:23.498Z] ----------------------------------------------------------------------
[debug] 
[info] 
     ######## #### ########  ######## ########     ###     ######  ########
     ##        ##  ##     ## ##       ##     ##  ##   ##  ##       ##
     ######    ##  ########  ######   ########  #########  ######  ######
     ##        ##  ##    ##  ##       ##     ## ##     ##       ## ##
     ##       #### ##     ## ######## ########  ##     ##  ######  ########

You're about to initialize a Firebase project in this directory:

  /Users/nazarmr/Desktop/sailguide/mobile

[debug] [2026-04-01T12:33:21.256Z] ExitPromptError: User force closed the prompt with SIGINT
    at Interface.sigint (/opt/homebrew/lib/node_modules/firebase-tools/node_modules/@inquirer/core/dist/commonjs/lib/create-prompt.js:101:37)
    at Interface.emit (node:events:508:20)
    at [_ttyWrite] [as _ttyWrite] (node:internal/readline/interface:1327:18)
    at ReadStream.onkeypress (node:internal/readline/interface:284:20)
    at ReadStream.emit (node:events:520:22)
    at emitKeys (node:internal/readline/utils:371:14)
    at emitKeys.next (<anonymous>)
    at ReadStream.onData (node:internal/readline/emitKeypressEvents:64:36)
    at ReadStream.emit (node:events:508:20)
    at addChunk (node:internal/streams/readable:564:12)
[error] 
[error] Error: An unexpected error has occurred.
